Determining if the pthread_create exist failed with the following output:
Change Dir: /home/hbx/ros_proj_ws/src/racecar_ncpr/build/CMakeFiles/CMakeTmp

Run Build Command:"/usr/bin/make" "cmTC_62c0f/fast"
/usr/bin/make -f CMakeFiles/cmTC_62c0f.dir/build.make CMakeFiles/cmTC_62c0f.dir/build
make[1]: Entering directory '/home/hbx/ros_proj_ws/src/racecar_ncpr/build/CMakeFiles/CMakeTmp'
Building C object CMakeFiles/cmTC_62c0f.dir/CheckSymbolExists.c.o
/usr/bin/cc    -o CMakeFiles/cmTC_62c0f.dir/CheckSymbolExists.c.o   -c /home/hbx/ros_proj_ws/src/racecar_ncpr/build/CMakeFiles/CMakeTmp/CheckSymbolExists.c
Linking C executable cmTC_62c0f
/usr/local/bin/cmake -E cmake_link_script CMakeFiles/cmTC_62c0f.dir/link.txt --verbose=1
/usr/bin/cc      -rdynamic CMakeFiles/cmTC_62c0f.dir/CheckSymbolExists.c.o  -o cmTC_62c0f 
CMakeFiles/cmTC_62c0f.dir/CheckSymbolExists.c.o: In function `main':
CheckSymbolExists.c:(.text+0x16): undefined reference to `pthread_create'
collect2: error: ld returned 1 exit status
CMakeFiles/cmTC_62c0f.dir/build.make:86: recipe for target 'cmTC_62c0f' failed
make[1]: *** [cmTC_62c0f] Error 1
make[1]: Leaving directory '/home/hbx/ros_proj_ws/src/racecar_ncpr/build/CMakeFiles/CMakeTmp'
Makefile:121: recipe for target 'cmTC_62c0f/fast' failed
make: *** [cmTC_62c0f/fast] Error 2

File /home/hbx/ros_proj_ws/src/racecar_ncpr/build/CMakeFiles/CMakeTmp/CheckSymbolExists.c:
/* */
#include <pthread.h>

int main(int argc, char** argv)
{
  (void)argv;
#ifndef pthread_create
  return ((int*)(&pthread_create))[argc];
#else
  (void)argc;
  return 0;
#endif
}

Determining if the function pthread_create exists in the pthreads failed with the following output:
Change Dir: /home/hbx/ros_proj_ws/src/racecar_ncpr/build/CMakeFiles/CMakeTmp

Run Build Command:"/usr/bin/make" "cmTC_fa013/fast"
/usr/bin/make -f CMakeFiles/cmTC_fa013.dir/build.make CMakeFiles/cmTC_fa013.dir/build
make[1]: Entering directory '/home/hbx/ros_proj_ws/src/racecar_ncpr/build/CMakeFiles/CMakeTmp'
Building C object CMakeFiles/cmTC_fa013.dir/CheckFunctionExists.c.o
/usr/bin/cc   -DCHECK_FUNCTION_EXISTS=pthread_create   -o CMakeFiles/cmTC_fa013.dir/CheckFunctionExists.c.o   -c /usr/local/share/cmake-3.12/Modules/CheckFunctionExists.c
Linking C executable cmTC_fa013
/usr/local/bin/cmake -E cmake_link_script CMakeFiles/cmTC_fa013.dir/link.txt --verbose=1
/usr/bin/cc  -DCHECK_FUNCTION_EXISTS=pthread_create    -rdynamic CMakeFiles/cmTC_fa013.dir/CheckFunctionExists.c.o  -o cmTC_fa013 -lpthreads 
/usr/bin/ld: cannot find -lpthreads
collect2: error: ld returned 1 exit status
CMakeFiles/cmTC_fa013.dir/build.make:86: recipe for target 'cmTC_fa013' failed
make[1]: *** [cmTC_fa013] Error 1
make[1]: Leaving directory '/home/hbx/ros_proj_ws/src/racecar_ncpr/build/CMakeFiles/CMakeTmp'
Makefile:121: recipe for target 'cmTC_fa013/fast' failed
make: *** [cmTC_fa013/fast] Error 2


